<?xml version="1.0" encoding="UTF-8"?>
<!-- Generated by org.testng.reporters.JUnitXMLReporter -->
<testsuite ignored="12" hostname="5CG82612KZ" failures="0" tests="1" name="Default test" time="27.73" errors="0" timestamp="2025-01-01T23:48:58 IST">
  <testcase classname="com.pia.user_testscript.ScriptUsersNewAccount" name="verifyTC011_WithoutSelectBrandMessage" time="9.385"/>
  <testcase classname="com.pia.user_testscript.ScriptUsersNewAccount" name="VerifyTC003_UserNewAccount" time="0.0">
    <ignored/>
  </testcase> <!-- VerifyTC003_UserNewAccount -->
  <testcase classname="com.pia.user_testscript.ScriptUsersNewAccount" name="verifyTC009_BlankPasswordTextBoxFieldMessage" time="0.0">
    <ignored/>
  </testcase> <!-- verifyTC009_BlankPasswordTextBoxFieldMessage -->
  <testcase classname="com.pia.user_testscript.ScriptUsersNewAccount" name="verifyTC005_UserAccountSaveButton" time="0.0">
    <ignored/>
  </testcase> <!-- verifyTC005_UserAccountSaveButton -->
  <testcase classname="com.pia.user_testscript.ScriptUsersNewAccount" name="verifyTC006_BrandOptionsOfAddNewUserPage" time="0.0">
    <ignored/>
  </testcase> <!-- verifyTC006_BrandOptionsOfAddNewUserPage -->
  <testcase classname="com.pia.user_testscript.ScriptUsersNewAccount" name="verifyTC010_BlankConfirmPasswordTextBoxFieldMessage" time="0.0">
    <ignored/>
  </testcase> <!-- verifyTC010_BlankConfirmPasswordTextBoxFieldMessage -->
  <testcase classname="com.pia.user_testscript.ScriptUsersNewAccount" name="verifyTC004_AccountTextBoxNames" time="0.0">
    <ignored/>
  </testcase> <!-- verifyTC004_AccountTextBoxNames -->
  <testcase classname="com.pia.user_testscript.ScriptUsersNewAccount" name="verifyTC002_PasswordPolicyMassage" time="0.0">
    <ignored/>
  </testcase> <!-- verifyTC002_PasswordPolicyMassage -->
  <testcase classname="com.pia.user_testscript.ScriptUsersNewAccount" name="verifyTC008_BlankEmailTextBoxFieldMessage" time="0.0">
    <ignored/>
  </testcase> <!-- verifyTC008_BlankEmailTextBoxFieldMessage -->
  <testcase classname="com.pia.user_testscript.ScriptUsersNewAccount" name="verifyTC007_BlankUserNameTextBox" time="0.0">
    <ignored/>
  </testcase> <!-- verifyTC007_BlankUserNameTextBox -->
  <testcase classname="com.pia.user_testscript.ScriptUsersNewAccount" name="verifyTC012_WithoutSelectRole" time="0.0">
    <ignored/>
  </testcase> <!-- verifyTC012_WithoutSelectRole -->
  <testcase classname="com.pia.user_testscript.ScriptUsersNewAccount" name="verifyTC013_UserCancelUserAccount" time="0.0">
    <ignored/>
  </testcase> <!-- verifyTC013_UserCancelUserAccount -->
  <testcase classname="com.pia.user_testscript.ScriptUsersNewAccount" name="verifyTC001_TitleOf_AddNewUserPage" time="0.0">
    <ignored/>
  </testcase> <!-- verifyTC001_TitleOf_AddNewUserPage -->
</testsuite> <!-- Default test -->
