<?xml version="1.0" encoding="UTF-8"?>
<testng-results ignored="0" total="1" passed="1" failed="0" skipped="0">
  <reporter-output>
  </reporter-output>
  <suite started-at="2025-01-01T23:48:30 IST" name="Default suite" finished-at="2025-01-01T23:48:58 IST" duration-ms="27730">
    <groups>
    </groups>
    <test started-at="2025-01-01T23:48:30 IST" name="Default test" finished-at="2025-01-01T23:48:58 IST" duration-ms="27730">
      <class name="com.pia.user_testscript.ScriptUsersNewAccount">
        <test-method is-config="true" signature="beforeSuite()[pri:0, instance:com.pia.user_testscript.ScriptUsersNewAccount@7bedc48a]" started-at="2025-01-01T23:48:30 IST" name="beforeSuite" finished-at="2025-01-01T23:48:30 IST" duration-ms="458" status="PASS">
          <reporter-output>
          </reporter-output>
        </test-method> <!-- beforeSuite -->
        <test-method is-config="true" signature="BeforeTest()[pri:0, instance:com.pia.user_testscript.ScriptUsersNewAccount@7bedc48a]" started-at="2025-01-01T23:48:30 IST" name="BeforeTest" finished-at="2025-01-01T23:48:30 IST" duration-ms="2" status="PASS">
          <reporter-output>
          </reporter-output>
        </test-method> <!-- BeforeTest -->
        <test-method is-config="true" signature="BeforeClass()[pri:0, instance:com.pia.user_testscript.ScriptUsersNewAccount@7bedc48a]" started-at="2025-01-01T23:48:30 IST" name="BeforeClass" finished-at="2025-01-01T23:48:38 IST" duration-ms="7114" status="PASS">
          <reporter-output>
          </reporter-output>
        </test-method> <!-- BeforeClass -->
        <test-method is-config="true" signature="BedforeMethod(java.lang.reflect.Method)[pri:0, instance:com.pia.user_testscript.ScriptUsersNewAccount@7bedc48a]" started-at="2025-01-01T23:48:38 IST" name="BedforeMethod" finished-at="2025-01-01T23:48:42 IST" duration-ms="4785" status="PASS">
          <params>
            <param index="0">
              <value>
                <![CDATA[public void com.pia.user_testscript.ScriptUsersNewAccount.verifyTC011_WithoutSelectBrandMessage()]]>
              </value>
            </param>
          </params>
          <reporter-output>
          </reporter-output>
        </test-method> <!-- BedforeMethod -->
        <test-method signature="verifyTC011_WithoutSelectBrandMessage()[pri:11, instance:com.pia.user_testscript.ScriptUsersNewAccount@7bedc48a]" started-at="2025-01-01T23:48:42 IST" name="verifyTC011_WithoutSelectBrandMessage" finished-at="2025-01-01T23:48:52 IST" duration-ms="9385" status="PASS">
          <reporter-output>
          </reporter-output>
        </test-method> <!-- verifyTC011_WithoutSelectBrandMessage -->
        <test-method is-config="true" signature="afterMothod(org.testng.ITestResult,java.lang.reflect.Method)[pri:0, instance:com.pia.user_testscript.ScriptUsersNewAccount@7bedc48a]" started-at="2025-01-01T23:48:52 IST" name="afterMothod" finished-at="2025-01-01T23:48:58 IST" duration-ms="6312" status="PASS">
          <params>
            <param index="0">
              <value>
                <![CDATA[[TestResult name=verifyTC011_WithoutSelectBrandMessage status=SUCCESS method=ScriptUsersNewAccount.verifyTC011_WithoutSelectBrandMessage()[pri:11, instance:com.pia.user_testscript.ScriptUsersNewAccount@7bedc48a] output={null}]]]>
              </value>
            </param>
            <param index="1">
              <value>
                <![CDATA[public void com.pia.user_testscript.ScriptUsersNewAccount.verifyTC011_WithoutSelectBrandMessage()]]>
              </value>
            </param>
          </params>
          <reporter-output>
          </reporter-output>
        </test-method> <!-- afterMothod -->
        <test-method is-config="true" signature="afterTest()[pri:0, instance:com.pia.user_testscript.ScriptUsersNewAccount@7bedc48a]" started-at="2025-01-01T23:48:58 IST" name="afterTest" finished-at="2025-01-01T23:48:58 IST" duration-ms="45" status="PASS">
          <reporter-output>
          </reporter-output>
        </test-method> <!-- afterTest -->
        <test-method is-config="true" signature="aftersuite()[pri:0, instance:com.pia.user_testscript.ScriptUsersNewAccount@7bedc48a]" started-at="2025-01-01T23:48:58 IST" name="aftersuite" finished-at="2025-01-01T23:48:59 IST" duration-ms="370" status="PASS">
          <reporter-output>
          </reporter-output>
        </test-method> <!-- aftersuite -->
      </class> <!-- com.pia.user_testscript.ScriptUsersNewAccount -->
    </test> <!-- Default test -->
  </suite> <!-- Default suite -->
</testng-results>
