<?xml version="1.0" encoding="UTF-8"?>
<testng-results ignored="0" total="1" passed="1" failed="0" skipped="0">
  <reporter-output>
  </reporter-output>
  <suite started-at="2025-01-03T12:52:41 IST" name="Default suite" finished-at="2025-01-03T12:53:02 IST" duration-ms="21026">
    <groups>
    </groups>
    <test started-at="2025-01-03T12:52:41 IST" name="Default test" finished-at="2025-01-03T12:53:02 IST" duration-ms="21026">
      <class name="com.pia.user_testscript.ScriptManageUsers">
        <test-method is-config="true" signature="beforeSuite()[pri:0, instance:com.pia.user_testscript.ScriptManageUsers@55b0dcab]" started-at="2025-01-03T12:52:41 IST" name="beforeSuite" finished-at="2025-01-03T12:52:41 IST" duration-ms="502" status="PASS">
          <reporter-output>
          </reporter-output>
        </test-method> <!-- beforeSuite -->
        <test-method is-config="true" signature="BeforeTest()[pri:0, instance:com.pia.user_testscript.ScriptManageUsers@55b0dcab]" started-at="2025-01-03T12:52:41 IST" name="BeforeTest" finished-at="2025-01-03T12:52:41 IST" duration-ms="2" status="PASS">
          <reporter-output>
          </reporter-output>
        </test-method> <!-- BeforeTest -->
        <test-method is-config="true" signature="BeforeClass()[pri:0, instance:com.pia.user_testscript.ScriptManageUsers@55b0dcab]" started-at="2025-01-03T12:52:41 IST" name="BeforeClass" finished-at="2025-01-03T12:52:50 IST" duration-ms="8599" status="PASS">
          <reporter-output>
          </reporter-output>
        </test-method> <!-- BeforeClass -->
        <test-method is-config="true" signature="BedforeMethod(java.lang.reflect.Method)[pri:0, instance:com.pia.user_testscript.ScriptManageUsers@55b0dcab]" started-at="2025-01-03T12:52:50 IST" name="BedforeMethod" finished-at="2025-01-03T12:52:55 IST" duration-ms="4584" status="PASS">
          <params>
            <param index="0">
              <value>
                <![CDATA[public void com.pia.user_testscript.ScriptManageUsers.VerifyTC029_UserNameSearchFilter()]]>
              </value>
            </param>
          </params>
          <reporter-output>
          </reporter-output>
        </test-method> <!-- BedforeMethod -->
        <test-method signature="VerifyTC029_UserNameSearchFilter()[pri:0, instance:com.pia.user_testscript.ScriptManageUsers@55b0dcab]" started-at="2025-01-03T12:52:55 IST" name="VerifyTC029_UserNameSearchFilter" finished-at="2025-01-03T12:52:56 IST" duration-ms="1197" status="PASS">
          <reporter-output>
          </reporter-output>
        </test-method> <!-- VerifyTC029_UserNameSearchFilter -->
        <test-method is-config="true" signature="afterMothod(org.testng.ITestResult,java.lang.reflect.Method)[pri:0, instance:com.pia.user_testscript.ScriptManageUsers@55b0dcab]" started-at="2025-01-03T12:52:56 IST" name="afterMothod" finished-at="2025-01-03T12:53:02 IST" duration-ms="6506" status="PASS">
          <params>
            <param index="0">
              <value>
                <![CDATA[[TestResult name=VerifyTC029_UserNameSearchFilter status=SUCCESS method=ScriptManageUsers.VerifyTC029_UserNameSearchFilter()[pri:0, instance:com.pia.user_testscript.ScriptManageUsers@55b0dcab] output={null}]]]>
              </value>
            </param>
            <param index="1">
              <value>
                <![CDATA[public void com.pia.user_testscript.ScriptManageUsers.VerifyTC029_UserNameSearchFilter()]]>
              </value>
            </param>
          </params>
          <reporter-output>
          </reporter-output>
        </test-method> <!-- afterMothod -->
        <test-method is-config="true" signature="afterTest()[pri:0, instance:com.pia.user_testscript.ScriptManageUsers@55b0dcab]" started-at="2025-01-03T12:53:02 IST" name="afterTest" finished-at="2025-01-03T12:53:02 IST" duration-ms="47" status="PASS">
          <reporter-output>
          </reporter-output>
        </test-method> <!-- afterTest -->
        <test-method is-config="true" signature="aftersuite()[pri:0, instance:com.pia.user_testscript.ScriptManageUsers@55b0dcab]" started-at="2025-01-03T12:53:02 IST" name="aftersuite" finished-at="2025-01-03T12:53:03 IST" duration-ms="400" status="PASS">
          <reporter-output>
          </reporter-output>
        </test-method> <!-- aftersuite -->
      </class> <!-- com.pia.user_testscript.ScriptManageUsers -->
    </test> <!-- Default test -->
  </suite> <!-- Default suite -->
</testng-results>
